[34m2025-04-26 17:52:22[0;39m [1;31mINFO [0;39m s.SoftwareProjectApplication - Starting SoftwareProjectApplication using Java 23.0.1 with PID 74400 (C:\Users\D00238925\IdeaProjects\SoftwareProject\target\classes started by D00238925 in C:\Users\D00238925\IdeaProjects\SoftwareProject)

[34m2025-04-26 17:52:22[0;39m [1;31mINFO [0;39m s.SoftwareProjectApplication - No active profile set, falling back to 1 default profile: "default"

[34m2025-04-26 17:52:23[0;39m [1;31mINFO [0;39m o.s.b.w.e.tomcat.TomcatWebServer - Tomcat initialized with port 8080 (http)

[34m2025-04-26 17:52:23[0;39m [1;31mINFO [0;39m o.a.coyote.http11.Http11NioProtocol - Initializing ProtocolHandler ["http-nio-8080"]

[34m2025-04-26 17:52:23[0;39m [1;31mINFO [0;39m o.a.catalina.core.StandardService - Starting service [Tomcat]

[34m2025-04-26 17:52:23[0;39m [1;31mINFO [0;39m o.a.catalina.core.StandardEngine - Starting Servlet engine: [Apache Tomcat/10.1.34]

[34m2025-04-26 17:52:23[0;39m [1;31mINFO [0;39m o.a.c.c.C.[Tomcat].[localhost].[/] - Initializing Spring embedded WebApplicationContext

[34m2025-04-26 17:52:23[0;39m [1;31mINFO [0;39m o.s.b.w.s.c.ServletWebServerApplicationContext - Root WebApplicationContext: initialization completed in 1242 ms

[34m2025-04-26 17:52:24[0;39m [1;31mINFO [0;39m o.s.b.a.w.s.WelcomePageHandlerMapping - Adding welcome page template: index

[34m2025-04-26 17:52:24[0;39m [1;31mINFO [0;39m o.s.m.s.b.SimpleBrokerMessageHandler - Starting...

[34m2025-04-26 17:52:24[0;39m [1;31mINFO [0;39m o.s.m.s.b.SimpleBrokerMessageHandler - BrokerAvailabilityEvent[available=true, SimpleBrokerMessageHandler [org.springframework.messaging.simp.broker.DefaultSubscriptionRegistry@33ec2c0c]]

[34m2025-04-26 17:52:24[0;39m [1;31mINFO [0;39m o.s.m.s.b.SimpleBrokerMessageHandler - Started.

[34m2025-04-26 17:52:24[0;39m [1;31mINFO [0;39m o.a.coyote.http11.Http11NioProtocol - Starting ProtocolHandler ["http-nio-8080"]

[34m2025-04-26 17:52:24[0;39m [1;31mINFO [0;39m o.s.b.w.e.tomcat.TomcatWebServer - Tomcat started on port 8080 (http) with context path '/'

[34m2025-04-26 17:52:24[0;39m [1;31mINFO [0;39m s.SoftwareProjectApplication - Started SoftwareProjectApplication in 2.836 seconds (process running for 3.901)

[34m2025-04-26 17:52:53[0;39m [1;31mINFO [0;39m o.a.c.c.C.[Tomcat].[localhost].[/] - Initializing Spring DispatcherServlet 'dispatcherServlet'

[34m2025-04-26 17:52:53[0;39m [1;31mINFO [0;39m o.s.web.servlet.DispatcherServlet - Initializing Servlet 'dispatcherServlet'

[34m2025-04-26 17:52:53[0;39m [1;31mINFO [0;39m o.s.web.servlet.DispatcherServlet - Completed initialization in 0 ms

[34m2025-04-26 17:53:24[0;39m [1;31mINFO [0;39m o.s.w.s.c.WebSocketMessageBrokerStats - WebSocketSession[0 current WS(0)-HttpStream(0)-HttpPoll(0), 0 total, 0 closed abnormally (0 connect failure, 0 send limit, 0 transport error)], stompSubProtocol[processed CONNECT(0)-CONNECTED(0)-DISCONNECT(0)], stompBrokerRelay[null], inboundChannel[pool size = 0, active threads = 0, queued tasks = 0, completed tasks = 0], outboundChannel[pool size = 0, active threads = 0, queued tasks = 0, completed tasks = 0], sockJsScheduler[pool size = 1, active threads = 1, queued tasks = 0, completed tasks = 0]

[34m2025-04-26 17:53:50[0;39m [1;31mINFO [0;39m s.controller.UserController - User kelly log into system

[34m2025-04-26 17:54:34[0;39m [1;31mINFO [0;39m s.controller.ReviewController - User kelly viewed their reviews. Total reviews: 0

[34m2025-04-26 17:54:38[0;39m [1;31mINFO [0;39m s.controller.RatingController - Userkellyis viewing the highest-rated movies.

[34m2025-04-26 17:54:38[0;39m [1;31mINFO [0;39m s.controller.RatingController - Got0highest-rated movies from the database.

[34m2025-04-26 17:54:44[0;39m [1;31mINFO [0;39m s.controller.RatingController - Userkellyis viewing the highest-rated movies.

[34m2025-04-26 17:54:44[0;39m [1;31mINFO [0;39m s.controller.RatingController - Got0highest-rated movies from the database.

[34m2025-04-26 18:23:24[0;39m [1;31mINFO [0;39m o.s.w.s.c.WebSocketMessageBrokerStats - WebSocketSession[0 current WS(0)-HttpStream(0)-HttpPoll(0), 0 total, 0 closed abnormally (0 connect failure, 0 send limit, 0 transport error)], stompSubProtocol[processed CONNECT(0)-CONNECTED(0)-DISCONNECT(0)], stompBrokerRelay[null], inboundChannel[pool size = 0, active threads = 0, queued tasks = 0, completed tasks = 0], outboundChannel[pool size = 0, active threads = 0, queued tasks = 0, completed tasks = 0], sockJsScheduler[pool size = 2, active threads = 1, queued tasks = 0, completed tasks = 1]

[34m2025-04-26 18:40:48[0;39m [1;31mINFO [0;39m o.s.b.w.e.tomcat.GracefulShutdown - Commencing graceful shutdown. Waiting for active requests to complete

[34m2025-04-26 18:40:48[0;39m [1;31mINFO [0;39m o.s.b.w.e.tomcat.GracefulShutdown - Graceful shutdown complete

[34m2025-04-26 18:40:48[0;39m [1;31mINFO [0;39m o.s.m.s.b.SimpleBrokerMessageHandler - Stopping...

[34m2025-04-26 18:40:48[0;39m [1;31mINFO [0;39m o.s.m.s.b.SimpleBrokerMessageHandler - BrokerAvailabilityEvent[available=false, SimpleBrokerMessageHandler [org.springframework.messaging.simp.broker.DefaultSubscriptionRegistry@33ec2c0c]]

[34m2025-04-26 18:40:48[0;39m [1;31mINFO [0;39m o.s.m.s.b.SimpleBrokerMessageHandler - Stopped.

